<?xml version="1.0" encoding="UTF-8"?>
<!-- Generated by org.testng.reporters.JUnitXMLReporter -->
<testsuite ignored="0" hostname="Princes-MacBook-Pro.local" failures="0" tests="19" name="Default test" time="250.034" errors="0" timestamp="2024-01-23T00:32:01 IST">
  <testcase classname="com.TestScriptsPractise.FlipkartSearch" name="searchTest" time="14.979"/>
  <testcase classname="com.TestScriptsPractise.FlipkartSearch" name="searchTest" time="13.045"/>
  <testcase classname="com.TestScriptsPractise.FlipkartSearch" name="searchTest" time="12.191"/>
  <testcase classname="com.TestScriptsPractise.FlipkartSearch" name="searchTest" time="12.738"/>
  <testcase classname="com.TestScriptsPractise.FlipkartSearch" name="searchTest" time="12.046"/>
  <testcase classname="com.TestScriptsPractise.FlipkartSearch" name="searchTest" time="12.92"/>
  <testcase classname="com.TestScriptsPractise.FlipkartSearch" name="searchTest" time="14.399"/>
  <testcase classname="com.TestScriptsPractise.FlipkartSearch" name="searchTest" time="12.848"/>
  <testcase classname="com.TestScriptsPractise.FlipkartSearch" name="searchTest" time="12.876"/>
  <testcase classname="com.TestScriptsPractise.FlipkartSearch" name="searchTest" time="13.242"/>
  <testcase classname="com.TestScriptsPractise.FlipkartSearch" name="searchTest" time="11.905"/>
  <testcase classname="com.TestScriptsPractise.FlipkartSearch" name="searchTest" time="13.047"/>
  <testcase classname="com.TestScriptsPractise.FlipkartSearch" name="searchTest" time="13.477"/>
  <testcase classname="com.TestScriptsPractise.FlipkartSearch" name="searchTest" time="13.707"/>
  <testcase classname="com.TestScriptsPractise.FlipkartSearch" name="searchTest" time="13.556"/>
  <testcase classname="com.TestScriptsPractise.FlipkartSearch" name="searchTest" time="12.57"/>
  <testcase classname="com.TestScriptsPractise.FlipkartSearch" name="searchTest" time="12.661"/>
  <testcase classname="com.TestScriptsPractise.FlipkartSearch" name="searchTest" time="13.196"/>
  <testcase classname="com.TestScriptsPractise.FlipkartSearch" name="searchTest" time="13.454"/>
</testsuite> <!-- Default test -->
