<?xml version="1.0" encoding="UTF-8"?>
<testng-results ignored="0" total="19" passed="19" failed="0" skipped="0">
  <reporter-output>
  </reporter-output>
  <suite started-at="2024-01-23T00:27:51 IST" name="Default suite" finished-at="2024-01-23T00:32:01 IST" duration-ms="250034">
    <groups>
    </groups>
    <test started-at="2024-01-23T00:27:51 IST" name="Default test" finished-at="2024-01-23T00:32:01 IST" duration-ms="250034">
      <class name="com.TestScriptsPractise.FlipkartSearch">
        <test-method signature="searchTest(java.lang.String)[pri:0, instance:com.TestScriptsPractise.FlipkartSearch@7bab3f1a]" started-at="2024-01-23T00:27:52 IST" name="searchTest" data-provider="getData" finished-at="2024-01-23T00:28:07 IST" duration-ms="14979" status="PASS">
          <params>
            <param index="0">
              <value>
                <![CDATA[Mobile]]>
              </value>
            </param>
          </params>
          <reporter-output>
          </reporter-output>
        </test-method> <!-- searchTest -->
        <test-method signature="searchTest(java.lang.String)[pri:0, instance:com.TestScriptsPractise.FlipkartSearch@7bab3f1a]" started-at="2024-01-23T00:28:07 IST" name="searchTest" data-provider="getData" finished-at="2024-01-23T00:28:20 IST" duration-ms="13045" status="PASS">
          <params>
            <param index="0">
              <value>
                <![CDATA[television]]>
              </value>
            </param>
          </params>
          <reporter-output>
          </reporter-output>
        </test-method> <!-- searchTest -->
        <test-method signature="searchTest(java.lang.String)[pri:0, instance:com.TestScriptsPractise.FlipkartSearch@7bab3f1a]" started-at="2024-01-23T00:28:20 IST" name="searchTest" data-provider="getData" finished-at="2024-01-23T00:28:32 IST" duration-ms="12191" status="PASS">
          <params>
            <param index="0">
              <value>
                <![CDATA[refrigerator]]>
              </value>
            </param>
          </params>
          <reporter-output>
          </reporter-output>
        </test-method> <!-- searchTest -->
        <test-method signature="searchTest(java.lang.String)[pri:0, instance:com.TestScriptsPractise.FlipkartSearch@7bab3f1a]" started-at="2024-01-23T00:28:32 IST" name="searchTest" data-provider="getData" finished-at="2024-01-23T00:28:45 IST" duration-ms="12738" status="PASS">
          <params>
            <param index="0">
              <value>
                <![CDATA[pen]]>
              </value>
            </param>
          </params>
          <reporter-output>
          </reporter-output>
        </test-method> <!-- searchTest -->
        <test-method signature="searchTest(java.lang.String)[pri:0, instance:com.TestScriptsPractise.FlipkartSearch@7bab3f1a]" started-at="2024-01-23T00:28:45 IST" name="searchTest" data-provider="getData" finished-at="2024-01-23T00:28:57 IST" duration-ms="12046" status="PASS">
          <params>
            <param index="0">
              <value>
                <![CDATA[pencil]]>
              </value>
            </param>
          </params>
          <reporter-output>
          </reporter-output>
        </test-method> <!-- searchTest -->
        <test-method signature="searchTest(java.lang.String)[pri:0, instance:com.TestScriptsPractise.FlipkartSearch@7bab3f1a]" started-at="2024-01-23T00:28:57 IST" name="searchTest" data-provider="getData" finished-at="2024-01-23T00:29:10 IST" duration-ms="12920" status="PASS">
          <params>
            <param index="0">
              <value>
                <![CDATA[cup]]>
              </value>
            </param>
          </params>
          <reporter-output>
          </reporter-output>
        </test-method> <!-- searchTest -->
        <test-method signature="searchTest(java.lang.String)[pri:0, instance:com.TestScriptsPractise.FlipkartSearch@7bab3f1a]" started-at="2024-01-23T00:29:10 IST" name="searchTest" data-provider="getData" finished-at="2024-01-23T00:29:24 IST" duration-ms="14399" status="PASS">
          <params>
            <param index="0">
              <value>
                <![CDATA[table]]>
              </value>
            </param>
          </params>
          <reporter-output>
          </reporter-output>
        </test-method> <!-- searchTest -->
        <test-method signature="searchTest(java.lang.String)[pri:0, instance:com.TestScriptsPractise.FlipkartSearch@7bab3f1a]" started-at="2024-01-23T00:29:24 IST" name="searchTest" data-provider="getData" finished-at="2024-01-23T00:29:37 IST" duration-ms="12848" status="PASS">
          <params>
            <param index="0">
              <value>
                <![CDATA[chair]]>
              </value>
            </param>
          </params>
          <reporter-output>
          </reporter-output>
        </test-method> <!-- searchTest -->
        <test-method signature="searchTest(java.lang.String)[pri:0, instance:com.TestScriptsPractise.FlipkartSearch@7bab3f1a]" started-at="2024-01-23T00:29:37 IST" name="searchTest" data-provider="getData" finished-at="2024-01-23T00:29:50 IST" duration-ms="12876" status="PASS">
          <params>
            <param index="0">
              <value>
                <![CDATA[washing machine]]>
              </value>
            </param>
          </params>
          <reporter-output>
          </reporter-output>
        </test-method> <!-- searchTest -->
        <test-method signature="searchTest(java.lang.String)[pri:0, instance:com.TestScriptsPractise.FlipkartSearch@7bab3f1a]" started-at="2024-01-23T00:29:50 IST" name="searchTest" data-provider="getData" finished-at="2024-01-23T00:30:03 IST" duration-ms="13242" status="PASS">
          <params>
            <param index="0">
              <value>
                <![CDATA[boiler]]>
              </value>
            </param>
          </params>
          <reporter-output>
          </reporter-output>
        </test-method> <!-- searchTest -->
        <test-method signature="searchTest(java.lang.String)[pri:0, instance:com.TestScriptsPractise.FlipkartSearch@7bab3f1a]" started-at="2024-01-23T00:30:03 IST" name="searchTest" data-provider="getData" finished-at="2024-01-23T00:30:15 IST" duration-ms="11905" status="PASS">
          <params>
            <param index="0">
              <value>
                <![CDATA[tumbler]]>
              </value>
            </param>
          </params>
          <reporter-output>
          </reporter-output>
        </test-method> <!-- searchTest -->
        <test-method signature="searchTest(java.lang.String)[pri:0, instance:com.TestScriptsPractise.FlipkartSearch@7bab3f1a]" started-at="2024-01-23T00:30:15 IST" name="searchTest" data-provider="getData" finished-at="2024-01-23T00:30:28 IST" duration-ms="13047" status="PASS">
          <params>
            <param index="0">
              <value>
                <![CDATA[glass]]>
              </value>
            </param>
          </params>
          <reporter-output>
          </reporter-output>
        </test-method> <!-- searchTest -->
        <test-method signature="searchTest(java.lang.String)[pri:0, instance:com.TestScriptsPractise.FlipkartSearch@7bab3f1a]" started-at="2024-01-23T00:30:28 IST" name="searchTest" data-provider="getData" finished-at="2024-01-23T00:30:42 IST" duration-ms="13477" status="PASS">
          <params>
            <param index="0">
              <value>
                <![CDATA[motor]]>
              </value>
            </param>
          </params>
          <reporter-output>
          </reporter-output>
        </test-method> <!-- searchTest -->
        <test-method signature="searchTest(java.lang.String)[pri:0, instance:com.TestScriptsPractise.FlipkartSearch@7bab3f1a]" started-at="2024-01-23T00:30:42 IST" name="searchTest" data-provider="getData" finished-at="2024-01-23T00:30:55 IST" duration-ms="13707" status="PASS">
          <params>
            <param index="0">
              <value>
                <![CDATA[iron]]>
              </value>
            </param>
          </params>
          <reporter-output>
          </reporter-output>
        </test-method> <!-- searchTest -->
        <test-method signature="searchTest(java.lang.String)[pri:0, instance:com.TestScriptsPractise.FlipkartSearch@7bab3f1a]" started-at="2024-01-23T00:30:55 IST" name="searchTest" data-provider="getData" finished-at="2024-01-23T00:31:09 IST" duration-ms="13556" status="PASS">
          <params>
            <param index="0">
              <value>
                <![CDATA[i phone]]>
              </value>
            </param>
          </params>
          <reporter-output>
          </reporter-output>
        </test-method> <!-- searchTest -->
        <test-method signature="searchTest(java.lang.String)[pri:0, instance:com.TestScriptsPractise.FlipkartSearch@7bab3f1a]" started-at="2024-01-23T00:31:09 IST" name="searchTest" data-provider="getData" finished-at="2024-01-23T00:31:22 IST" duration-ms="12570" status="PASS">
          <params>
            <param index="0">
              <value>
                <![CDATA[samsung s24]]>
              </value>
            </param>
          </params>
          <reporter-output>
          </reporter-output>
        </test-method> <!-- searchTest -->
        <test-method signature="searchTest(java.lang.String)[pri:0, instance:com.TestScriptsPractise.FlipkartSearch@7bab3f1a]" started-at="2024-01-23T00:31:22 IST" name="searchTest" data-provider="getData" finished-at="2024-01-23T00:31:34 IST" duration-ms="12661" status="PASS">
          <params>
            <param index="0">
              <value>
                <![CDATA[i phone 15]]>
              </value>
            </param>
          </params>
          <reporter-output>
          </reporter-output>
        </test-method> <!-- searchTest -->
        <test-method signature="searchTest(java.lang.String)[pri:0, instance:com.TestScriptsPractise.FlipkartSearch@7bab3f1a]" started-at="2024-01-23T00:31:34 IST" name="searchTest" data-provider="getData" finished-at="2024-01-23T00:31:47 IST" duration-ms="13196" status="PASS">
          <params>
            <param index="0">
              <value>
                <![CDATA[oppo]]>
              </value>
            </param>
          </params>
          <reporter-output>
          </reporter-output>
        </test-method> <!-- searchTest -->
        <test-method signature="searchTest(java.lang.String)[pri:0, instance:com.TestScriptsPractise.FlipkartSearch@7bab3f1a]" started-at="2024-01-23T00:31:47 IST" name="searchTest" data-provider="getData" finished-at="2024-01-23T00:32:01 IST" duration-ms="13454" status="PASS">
          <params>
            <param index="0">
              <value>
                <![CDATA[vivo]]>
              </value>
            </param>
          </params>
          <reporter-output>
          </reporter-output>
        </test-method> <!-- searchTest -->
      </class> <!-- com.TestScriptsPractise.FlipkartSearch -->
    </test> <!-- Default test -->
  </suite> <!-- Default suite -->
</testng-results>
